# COMMENT OUT EVERYTHING AND ADD CUSTOM LINES AT THE END
# Note: This dropin only works with kubeadm and kubelet v1.11+
#[Service]
#Environment="KUBELET_KUBECONFIG_ARGS=--bootstrap-kubeconfig=/etc/kubernetes/bootstrap-kubelet.conf --kubeconfig=/etc/kubernetes/kubelet.conf"
##Environment="KUBELET_CONFIG_ARGS=--config=/var/lib/kubelet/config.yaml"
#Environment="KUBELET_CONFIG_ARGS=--kubeconfig=/etc/kubernetes/config.yaml"
## This is a file that "kubeadm init" and "kubeadm join" generates at runtime, populating the KUBELET_KUBEADM_ARGS variable dynamically
#EnvironmentFile=-/var/lib/kubelet/kubeadm-flags.env
## This is a file that the user can use for overrides of the kubelet args as a last resort. Preferably, the user should use
## the .NodeRegistration.KubeletExtraArgs object in the configuration files instead. KUBELET_EXTRA_ARGS should be sourced from this file.
#EnvironmentFile=-/etc/sysconfig/kubelet
#ExecStart=
#ExecStart=/usr/bin/kubelet $KUBELET_KUBECONFIG_ARGS $KUBELET_CONFIG_ARGS $KUBELET_KUBEADM_ARGS $KUBELET_EXTRA_ARGS
#==================================

# ADDED CUSTOM LINES
[Service]
#Environment="KUBELET_CONFIG_ARGS=--kubeconfig=/etc/kubernetes/kubelet-config.yaml --pod-manifest-path=/etc/kubernetes/manifests"
#Environment="KUBELET_CONFIG_ARGS=--config=/etc/kubernetes/kubelet-config.yaml --pod-manifest-path=/etc/kubernetes/manifests"
#
Environment="KUBELET_CONFIG_ARGS=--config=/etc/kubernetes/kubelet-kubeconfig --pod-manifest-path=/etc/kubernetes/manifests"
Environment="KUBELET_DNS_ARGS=--cluster-dns=10.96.0.10 --cluster-domain=cluster.local"
EnvironmentFile=-/etc/sysconfig/kubelet
#
#ExecStart=/usr/bin/kubelet $KUBELET_KUBECONFIG_ARGS $KUBELET_CONFIG_ARGS $KUBELET_KUBEADM_ARGS $KUBELET_EXTRA_ARGS $KUBELET_NETWORK_ARGS $KUBELET_DNS_ARGS
#ExecStart=/usr/bin/kubelet $KUBELET_KUBECONFIG_ARGS $KUBELET_CONFIG_ARGS $KUBELET_KUBEADM_ARGS $KUBELET_EXTRA_ARGS $KUBELET_NETWORK_ARGS $KUBELET_DNS_ARGS  --client-ca-file=/etc/kubernetes/pki/ca.pem --tls-cert-file=/etc/kubernetes/pki/kubelet-ksn1.pem --tls-private-key-file=/etc/kubernetes/pki/kubelet-ksn1-key.pem --kubeconfig=/etc/kubernetes/kubelet-kubeconfig --allow-privileged
ExecStart=
ExecStart=/usr/bin/kubelet $KUBELET_KUBECONFIG_ARGS $KUBELET_CONFIG_ARGS $KUBELET_KUBEADM_ARGS $KUBELET_EXTRA_ARGS $KUBELET_NETWORK_ARGS $KUBELET_DNS_ARGS --kubeconfig=/etc/kubernetes/kubelet-kubeconfig --allow-privileged --client-ca-file=/etc/kubernetes/pki/ca.pem 

